Assembler report for Calculator
<<<<<<< HEAD
Sun Nov 02 19:32:21 2014
=======
Fri Oct 31 09:59:17 2014
>>>>>>> origin/master
Quartus II 64-Bit Version 14.0.0 Build 200 06/17/2014 SJ Web Edition


---------------------
; Table of Contents ;
---------------------
  1. Legal Notice
  2. Assembler Summary
  3. Assembler Settings
  4. Assembler Generated Files
<<<<<<< HEAD
  5. Assembler Device Options: D:/gitHub/Circuitos/Projeto2/output_files/Calculator.sof
=======
  5. Assembler Device Options: C:/Users/Helder/Documents/GitHub/Circuitos/Projeto2/output_files/Calculator.sof
>>>>>>> origin/master
  6. Assembler Messages



----------------
; Legal Notice ;
----------------
Copyright (C) 1991-2014 Altera Corporation. All rights reserved.
Your use of Altera Corporation's design tools, logic functions 
and other software and tools, and its AMPP partner logic 
functions, and any output files from any of the foregoing 
(including device programming or simulation files), and any 
associated documentation or information are expressly subject 
to the terms and conditions of the Altera Program License 
Subscription Agreement, the Altera Quartus II License Agreement,
the Altera MegaCore Function License Agreement, or other 
applicable license agreement, including, without limitation, 
that your use is for the sole purpose of programming logic 
devices manufactured by Altera and sold by Altera or its 
authorized distributors.  Please refer to the applicable 
agreement for further details.



+---------------------------------------------------------------+
; Assembler Summary                                             ;
+-----------------------+---------------------------------------+
<<<<<<< HEAD
; Assembler Status      ; Successful - Sun Nov 02 19:32:21 2014 ;
; Revision Name         ; Calculator                            ;
; Top-level Entity Name ; ULA                                   ;
; Family                ; Cyclone IV GX                         ;
; Device                ; EP4CGX15BF14C6                        ;
=======
; Assembler Status      ; Successful - Fri Oct 31 09:59:17 2014 ;
; Revision Name         ; Calculator                            ;
; Top-level Entity Name ; adder7b                               ;
; Family                ; Cyclone IV E                          ;
; Device                ; EP4CE115F29C7                         ;
>>>>>>> origin/master
+-----------------------+---------------------------------------+


+----------------------------------+
; Assembler Settings               ;
+--------+---------+---------------+
; Option ; Setting ; Default Value ;
+--------+---------+---------------+


<<<<<<< HEAD
+----------------------------------------------------------+
; Assembler Generated Files                                ;
+----------------------------------------------------------+
; File Name                                                ;
+----------------------------------------------------------+
; D:/gitHub/Circuitos/Projeto2/output_files/Calculator.sof ;
+----------------------------------------------------------+


+------------------------------------------------------------------------------------+
; Assembler Device Options: D:/gitHub/Circuitos/Projeto2/output_files/Calculator.sof ;
+----------------+-------------------------------------------------------------------+
; Option         ; Setting                                                           ;
+----------------+-------------------------------------------------------------------+
; Device         ; EP4CGX15BF14C6                                                    ;
; JTAG usercode  ; 0x000CC85F                                                        ;
; Checksum       ; 0x000CC85F                                                        ;
+----------------+-------------------------------------------------------------------+
=======
+---------------------------------------------------------------------------------+
; Assembler Generated Files                                                       ;
+---------------------------------------------------------------------------------+
; File Name                                                                       ;
+---------------------------------------------------------------------------------+
; C:/Users/Helder/Documents/GitHub/Circuitos/Projeto2/output_files/Calculator.sof ;
+---------------------------------------------------------------------------------+


+-----------------------------------------------------------------------------------------------------------+
; Assembler Device Options: C:/Users/Helder/Documents/GitHub/Circuitos/Projeto2/output_files/Calculator.sof ;
+----------------+------------------------------------------------------------------------------------------+
; Option         ; Setting                                                                                  ;
+----------------+------------------------------------------------------------------------------------------+
; Device         ; EP4CE115F29C7                                                                            ;
; JTAG usercode  ; 0x00567C02                                                                               ;
; Checksum       ; 0x00567C02                                                                               ;
+----------------+------------------------------------------------------------------------------------------+
>>>>>>> origin/master


+--------------------+
; Assembler Messages ;
+--------------------+
Info: *******************************************************************
Info: Running Quartus II 64-Bit Assembler
    Info: Version 14.0.0 Build 200 06/17/2014 SJ Web Edition
<<<<<<< HEAD
    Info: Processing started: Sun Nov 02 19:32:19 2014
=======
    Info: Processing started: Fri Oct 31 09:59:12 2014
>>>>>>> origin/master
Info: Command: quartus_asm --read_settings_files=off --write_settings_files=off Calculator -c Calculator
Info (115031): Writing out detailed assembly data for power analysis
Info (115030): Assembler is generating device programming files
Info: Quartus II 64-Bit Assembler was successful. 0 errors, 0 warnings
<<<<<<< HEAD
    Info: Peak virtual memory: 533 megabytes
    Info: Processing ended: Sun Nov 02 19:32:21 2014
    Info: Elapsed time: 00:00:02
    Info: Total CPU time (on all processors): 00:00:01
=======
    Info: Peak virtual memory: 517 megabytes
    Info: Processing ended: Fri Oct 31 09:59:17 2014
    Info: Elapsed time: 00:00:05
    Info: Total CPU time (on all processors): 00:00:05
>>>>>>> origin/master


