Flow report for decoder5out
Mon Oct 20 18:11:25 2014
Quartus II 64-Bit Version 14.0.0 Build 200 06/17/2014 SJ Web Edition


---------------------
; Table of Contents ;
---------------------
  1. Legal Notice
  2. Flow Summary
  3. Flow Settings
  4. Flow Non-Default Global Settings
  5. Flow Elapsed Time
  6. Flow OS Summary
  7. Flow Log
  8. Flow Messages
  9. Flow Suppressed Messages



----------------
; Legal Notice ;
----------------
Copyright (C) 1991-2014 Altera Corporation. All rights reserved.
Your use of Altera Corporation's design tools, logic functions 
and other software and tools, and its AMPP partner logic 
functions, and any output files from any of the foregoing 
(including device programming or simulation files), and any 
associated documentation or information are expressly subject 
to the terms and conditions of the Altera Program License 
Subscription Agreement, the Altera Quartus II License Agreement,
the Altera MegaCore Function License Agreement, or other 
applicable license agreement, including, without limitation, 
that your use is for the sole purpose of programming logic 
devices manufactured by Altera and sold by Altera or its 
authorized distributors.  Please refer to the applicable 
agreement for further details.



+---------------------------------------------------------------------------------+
; Flow Summary                                                                    ;
+------------------------------------+--------------------------------------------+
; Flow Status                        ; Successful - Mon Oct 20 18:11:25 2014      ;
; Quartus II 64-Bit Version          ; 14.0.0 Build 200 06/17/2014 SJ Web Edition ;
; Revision Name                      ; decoder5out                                ;
; Top-level Entity Name              ; characterPattern                           ;
; Family                             ; Cyclone IV E                               ;
; Device                             ; EP4CE115F29C7                              ;
; Timing Models                      ; Final                                      ;
; Total logic elements               ; 112 / 114,480 ( < 1 % )                    ;
;     Total combinational functions  ; 112 / 114,480 ( < 1 % )                    ;
;     Dedicated logic registers      ; 0 / 114,480 ( 0 % )                        ;
; Total registers                    ; 0                                          ;
; Total pins                         ; 74 / 529 ( 14 % )                          ;
; Total virtual pins                 ; 0                                          ;
; Total memory bits                  ; 0 / 3,981,312 ( 0 % )                      ;
; Embedded Multiplier 9-bit elements ; 0 / 532 ( 0 % )                            ;
; Total PLLs                         ; 0 / 4 ( 0 % )                              ;
+------------------------------------+--------------------------------------------+


+-----------------------------------------+
; Flow Settings                           ;
+-------------------+---------------------+
; Option            ; Setting             ;
+-------------------+---------------------+
; Start date & time ; 10/20/2014 18:08:55 ;
; Main task         ; Compilation         ;
; Revision Name     ; decoder5out         ;
+-------------------+---------------------+


+----------------------------------------------------------------------------------------------------------------------------------------------------------------+
; Flow Non-Default Global Settings                                                                                                                               ;
+-------------------------------------+----------------------------------------------------------------------+---------------+------------------+----------------+
; Assignment Name                     ; Value                                                                ; Default Value ; Entity Name      ; Section Id     ;
+-------------------------------------+----------------------------------------------------------------------+---------------+------------------+----------------+
; COMPILER_SIGNATURE_ID               ; 172269393249806.141383573502104                                      ; --            ; --               ; --             ;
; EDA_GENERATE_FUNCTIONAL_NETLIST     ; On                                                                   ; --            ; --               ; eda_simulation ;
; EDA_NETLIST_WRITER_OUTPUT_DIR       ; C:/Users/Helder/Documents/GitHub/Circuitos/decoder5/simulation/qsim/ ; --            ; --               ; eda_simulation ;
; EDA_OUTPUT_DATA_FORMAT              ; Verilog Hdl                                                          ; --            ; --               ; eda_simulation ;
; EDA_SIMULATION_TOOL                 ; ModelSim-Altera (Verilog)                                            ; <None>        ; --               ; --             ;
; MAX_CORE_JUNCTION_TEMP              ; 85                                                                   ; --            ; --               ; --             ;
; MIN_CORE_JUNCTION_TEMP              ; 0                                                                    ; --            ; --               ; --             ;
; NOMINAL_CORE_SUPPLY_VOLTAGE         ; 1.2V                                                                 ; --            ; --               ; --             ;
; PARTITION_COLOR                     ; 16764057                                                             ; --            ; characterPattern ; Top            ;
; PARTITION_FITTER_PRESERVATION_LEVEL ; PLACEMENT_AND_ROUTING                                                ; --            ; characterPattern ; Top            ;
; PARTITION_NETLIST_TYPE              ; SOURCE                                                               ; --            ; characterPattern ; Top            ;
; POWER_BOARD_THERMAL_MODEL           ; None (CONSERVATIVE)                                                  ; --            ; --               ; --             ;
; POWER_PRESET_COOLING_SOLUTION       ; 23 MM HEAT SINK WITH 200 LFPM AIRFLOW                                ; --            ; --               ; --             ;
; PROJECT_OUTPUT_DIRECTORY            ; output_files                                                         ; --            ; --               ; --             ;
; TOP_LEVEL_ENTITY                    ; characterPattern                                                     ; decoder5out   ; --               ; --             ;
+-------------------------------------+----------------------------------------------------------------------+---------------+------------------+----------------+


+-------------------------------------------------------------------------------------------------------------------------------+
; Flow Elapsed Time                                                                                                             ;
+---------------------------+--------------+-------------------------+---------------------+------------------------------------+
; Module Name               ; Elapsed Time ; Average Processors Used ; Peak Virtual Memory ; Total CPU Time (on all processors) ;
+---------------------------+--------------+-------------------------+---------------------+------------------------------------+
; Analysis & Synthesis      ; 00:00:04     ; 1.0                     ; 592 MB              ; 00:00:04                           ;
; Fitter                    ; 00:00:22     ; 1.2                     ; 1158 MB             ; 00:00:26                           ;
; Assembler                 ; 00:00:08     ; 1.0                     ; 521 MB              ; 00:00:08                           ;
; TimeQuest Timing Analyzer ; 00:00:13     ; 1.0                     ; 633 MB              ; 00:00:06                           ;
; EDA Netlist Writer        ; 00:00:05     ; 1.0                     ; 469 MB              ; 00:00:01                           ;
; Total                     ; 00:00:52     ; --                      ; --                  ; 00:00:45                           ;
+---------------------------+--------------+-------------------------+---------------------+------------------------------------+


+----------------------------------------------------------------------------------------+
; Flow OS Summary                                                                        ;
+---------------------------+------------------+-----------+------------+----------------+
; Module Name               ; Machine Hostname ; OS Name   ; OS Version ; Processor type ;
+---------------------------+------------------+-----------+------------+----------------+
; Analysis & Synthesis      ; Hell             ; Windows 7 ; 6.2        ; x86_64         ;
; Fitter                    ; Hell             ; Windows 7 ; 6.2        ; x86_64         ;
; Assembler                 ; Hell             ; Windows 7 ; 6.2        ; x86_64         ;
; TimeQuest Timing Analyzer ; Hell             ; Windows 7 ; 6.2        ; x86_64         ;
; EDA Netlist Writer        ; Hell             ; Windows 7 ; 6.2        ; x86_64         ;
+---------------------------+------------------+-----------+------------+----------------+


------------
; Flow Log ;
------------
quartus_map --read_settings_files=on --write_settings_files=off decoder5out -c decoder5out
quartus_fit --read_settings_files=off --write_settings_files=off decoder5out -c decoder5out
quartus_asm --read_settings_files=off --write_settings_files=off decoder5out -c decoder5out
quartus_sta decoder5out -c decoder5out
quartus_eda --read_settings_files=off --write_settings_files=off decoder5out -c decoder5out



